<?xml version="1.0" encoding="UTF-8"?>
<!-- Generated by org.testng.reporters.JUnitReportReporter -->
<testsuite hostname="DESKTOP-EMESCG4" failures="0" tests="4" name="runner.Runner" time="46.525" errors="0" timestamp="2023-11-28T16:35:47 IST" skipped="0">
  <testcase classname="runner.Runner" name="runScenario" time="13.214"/>
  <testcase classname="runner.Runner" name="runScenario" time="9.917"/>
  <testcase classname="runner.Runner" name="runScenario" time="13.580"/>
  <testcase classname="runner.Runner" name="runScenario" time="9.814"/>
</testsuite> <!-- runner.Runner -->
